d:\documents\vj\joc2d\projecte\2dgame\02-bubble - cam\02-bubble\debug\vc142.pdb
d:\documents\vj\joc2d\projecte\2dgame\02-bubble - cam\02-bubble\debug\vc142.idb
d:\documents\vj\joc2d\projecte\2dgame\02-bubble - cam\02-bubble\debug\tilemap.obj
d:\documents\vj\joc2d\projecte\2dgame\02-bubble - cam\02-bubble\debug\texturedquad.obj
d:\documents\vj\joc2d\projecte\2dgame\02-bubble - cam\02-bubble\debug\texture.obj
d:\documents\vj\joc2d\projecte\2dgame\02-bubble - cam\02-bubble\debug\sprite.obj
d:\documents\vj\joc2d\projecte\2dgame\02-bubble - cam\02-bubble\debug\shaderprogram.obj
d:\documents\vj\joc2d\projecte\2dgame\02-bubble - cam\02-bubble\debug\shader.obj
d:\documents\vj\joc2d\projecte\2dgame\02-bubble - cam\02-bubble\debug\scene.obj
d:\documents\vj\joc2d\projecte\2dgame\02-bubble - cam\02-bubble\debug\player.obj
d:\documents\vj\joc2d\projecte\2dgame\02-bubble - cam\02-bubble\debug\moving.obj
d:\documents\vj\joc2d\projecte\2dgame\02-bubble - cam\02-bubble\debug\main.obj
d:\documents\vj\joc2d\projecte\2dgame\02-bubble - cam\02-bubble\debug\image.obj
d:\documents\vj\joc2d\projecte\2dgame\02-bubble - cam\02-bubble\debug\game.obj
d:\documents\vj\joc2d\projecte\2dgame\02-bubble - cam\02-bubble\debug\enemigo.obj
d:\documents\vj\joc2d\projecte\2dgame\02-bubble - cam\02-bubble\debug\camera.obj
d:\documents\vj\joc2d\projecte\2dgame\02-bubble - cam\debug\02-bubble.ilk
d:\documents\vj\joc2d\projecte\2dgame\02-bubble - cam\debug\02-bubble.exe
d:\documents\vj\joc2d\projecte\2dgame\02-bubble - cam\debug\02-bubble.pdb
d:\documents\vj\joc2d\projecte\2dgame\02-bubble - cam\02-bubble\debug\02-bubble.tlog\cl.command.1.tlog
d:\documents\vj\joc2d\projecte\2dgame\02-bubble - cam\02-bubble\debug\02-bubble.tlog\cl.read.1.tlog
d:\documents\vj\joc2d\projecte\2dgame\02-bubble - cam\02-bubble\debug\02-bubble.tlog\cl.write.1.tlog
d:\documents\vj\joc2d\projecte\2dgame\02-bubble - cam\02-bubble\debug\02-bubble.tlog\link.command.1.tlog
d:\documents\vj\joc2d\projecte\2dgame\02-bubble - cam\02-bubble\debug\02-bubble.tlog\link.read.1.tlog
d:\documents\vj\joc2d\projecte\2dgame\02-bubble - cam\02-bubble\debug\02-bubble.tlog\link.write.1.tlog
